<?xml version="1.0" encoding="UTF-8"?>
<!-- Generated by org.testng.reporters.JUnitReportReporter -->
<testsuite hostname="ABZ-150" name="com.Abzooba.chatbot.testscripts.TC_0002" tests="1" failures="0" timestamp="21 Jun 2017 09:50:55 GMT" time="15.856" errors="0">
  <testcase name="doLogin" time="15.856" classname="com.Abzooba.chatbot.testscripts.TC_0002"/>
</testsuite> <!-- com.Abzooba.chatbot.testscripts.TC_0002 -->
