<?xml version="1.0" encoding="UTF-8"?>
<!-- Generated by org.testng.reporters.JUnitReportReporter -->
<testsuite hostname="ABZ-150" name="com.Abzooba.chatbot.testscripts.TC_0001" tests="1" failures="0" timestamp="21 Jun 2017 09:50:56 GMT" time="0.064" errors="0">
  <testcase name="chatBotLaunched" time="0.064" classname="com.Abzooba.chatbot.testscripts.TC_0001"/>
</testsuite> <!-- com.Abzooba.chatbot.testscripts.TC_0001 -->
